<?xml version="1.0" encoding="UTF-8"?>
<coverage generated="1510929978889" clover="3.2.0">
  <project timestamp="1510929978889" name="All files">
    <metrics statements="113" coveredstatements="104" conditionals="29" coveredconditionals="20" methods="46" coveredmethods="41" elements="188" coveredelements="165" complexity="0" loc="113" ncloc="113" packages="2" files="8" classes="8">
      <package name="__test__">
        <metrics statements="8" coveredstatements="8" conditionals="0" coveredconditionals="0" methods="5" coveredmethods="5"/>
        <file name="database.js" path="/home/nuno/gamesinc/greg_slot/__test__/database.js">
          <metrics statements="8" coveredstatements="8" conditionals="0" coveredconditionals="0" methods="5" coveredmethods="5"/>
          <line num="4" count="4" type="stmt"/>
          <line num="5" count="4" type="stmt"/>
          <line num="9" count="13" type="stmt"/>
          <line num="10" count="13" type="stmt"/>
          <line num="14" count="14" type="stmt"/>
          <line num="18" count="14" type="stmt"/>
          <line num="19" count="14" type="stmt"/>
          <line num="23" count="4" type="stmt"/>
        </file>
      </package>
      <package name="src.modules">
        <metrics statements="105" coveredstatements="96" conditionals="29" coveredconditionals="20" methods="41" coveredmethods="36"/>
        <file name="assets.js" path="/home/nuno/gamesinc/greg_slot/src/modules/assets.js">
          <metrics statements="1" coveredstatements="1" conditionals="0" coveredconditionals="0" methods="0" coveredmethods="0"/>
          <line num="1" count="3" type="stmt"/>
        </file>
        <file name="cg.js" path="/home/nuno/gamesinc/greg_slot/src/modules/cg.js">
          <metrics statements="15" coveredstatements="15" conditionals="2" coveredconditionals="2" methods="7" coveredmethods="7"/>
          <line num="2" count="2" type="stmt"/>
          <line num="10" count="2" type="stmt"/>
          <line num="13" count="14" type="stmt"/>
          <line num="14" count="14" type="stmt"/>
          <line num="16" count="14" type="stmt"/>
          <line num="17" count="126" type="stmt"/>
          <line num="18" count="126" type="stmt"/>
          <line num="19" count="126" type="cond" truecount="2" falsecount="0"/>
          <line num="21" count="14" type="stmt"/>
          <line num="25" count="14" type="stmt"/>
          <line num="29" count="14" type="stmt"/>
          <line num="33" count="14" type="stmt"/>
          <line num="37" count="14" type="stmt"/>
          <line num="41" count="14" type="stmt"/>
          <line num="45" count="2" type="stmt"/>
        </file>
        <file name="game.js" path="/home/nuno/gamesinc/greg_slot/src/modules/game.js">
          <metrics statements="31" coveredstatements="27" conditionals="10" coveredconditionals="5" methods="10" coveredmethods="8"/>
          <line num="7" count="10" type="stmt"/>
          <line num="8" count="10" type="stmt"/>
          <line num="9" count="10" type="stmt"/>
          <line num="17" count="10" type="stmt"/>
          <line num="18" count="10" type="stmt"/>
          <line num="19" count="10" type="stmt"/>
          <line num="21" count="10" type="stmt"/>
          <line num="22" count="10" type="stmt"/>
          <line num="26" count="11" type="stmt"/>
          <line num="30" count="3" type="cond" truecount="2" falsecount="0"/>
          <line num="36" count="2" type="stmt"/>
          <line num="37" count="2" type="stmt"/>
          <line num="41" count="2" type="stmt"/>
          <line num="42" count="2" type="cond" truecount="2" falsecount="0"/>
          <line num="43" count="1" type="stmt"/>
          <line num="44" count="1" type="stmt"/>
          <line num="45" count="1" type="stmt"/>
          <line num="47" count="1" type="stmt"/>
          <line num="48" count="1" type="stmt"/>
          <line num="52" count="2" type="stmt"/>
          <line num="54" count="2" type="stmt"/>
          <line num="55" count="10" type="cond" truecount="1" falsecount="1"/>
          <line num="56" count="10" type="stmt"/>
          <line num="62" count="0" type="cond" truecount="0" falsecount="2"/>
          <line num="63" count="0" type="stmt"/>
          <line num="64" count="0" type="stmt"/>
          <line num="68" count="14" type="stmt"/>
          <line num="72" count="3" type="stmt"/>
          <line num="76" count="1" type="stmt"/>
          <line num="77" count="1" type="stmt"/>
          <line num="80" count="0" type="cond" truecount="0" falsecount="2"/>
        </file>
        <file name="observerList.js" path="/home/nuno/gamesinc/greg_slot/src/modules/observerList.js">
          <metrics statements="10" coveredstatements="8" conditionals="2" coveredconditionals="1" methods="5" coveredmethods="5"/>
          <line num="3" count="10" type="stmt"/>
          <line num="7" count="10" type="stmt"/>
          <line num="9" count="10" type="cond" truecount="1" falsecount="1"/>
          <line num="10" count="10" type="stmt"/>
          <line num="11" count="60" type="stmt"/>
          <line num="14" count="10" type="stmt"/>
          <line num="17" count="0" type="stmt"/>
          <line num="18" count="0" type="stmt"/>
          <line num="22" count="14" type="stmt"/>
          <line num="23" count="84" type="stmt"/>
        </file>
        <file name="rgn.js" path="/home/nuno/gamesinc/greg_slot/src/modules/rgn.js">
          <metrics statements="16" coveredstatements="16" conditionals="4" coveredconditionals="2" methods="3" coveredmethods="3"/>
          <line num="3" count="14" type="cond" truecount="1" falsecount="1"/>
          <line num="4" count="14" type="cond" truecount="1" falsecount="1"/>
          <line num="6" count="14" type="stmt"/>
          <line num="10" count="35" type="stmt"/>
          <line num="11" count="35" type="stmt"/>
          <line num="13" count="35" type="stmt"/>
          <line num="14" count="175" type="stmt"/>
          <line num="16" count="175" type="stmt"/>
          <line num="19" count="35" type="stmt"/>
          <line num="23" count="7" type="stmt"/>
          <line num="26" count="7" type="stmt"/>
          <line num="27" count="35" type="stmt"/>
          <line num="29" count="35" type="stmt"/>
          <line num="30" count="35" type="stmt"/>
          <line num="31" count="35" type="stmt"/>
          <line num="34" count="7" type="stmt"/>
        </file>
        <file name="slotMAnager.js" path="/home/nuno/gamesinc/greg_slot/src/modules/slotMAnager.js">
          <metrics statements="25" coveredstatements="23" conditionals="9" coveredconditionals="9" methods="12" coveredmethods="10"/>
          <line num="6" count="11" type="stmt"/>
          <line num="8" count="11" type="stmt"/>
          <line num="9" count="11" type="stmt"/>
          <line num="13" count="3" type="cond" truecount="2" falsecount="0"/>
          <line num="17" count="2" type="stmt"/>
          <line num="21" count="14" type="stmt"/>
          <line num="22" count="14" type="stmt"/>
          <line num="23" count="14" type="stmt"/>
          <line num="29" count="14" type="cond" truecount="3" falsecount="0"/>
          <line num="33" count="14" type="stmt"/>
          <line num="40" count="3" type="stmt"/>
          <line num="41" count="3" type="stmt"/>
          <line num="42" count="13" type="stmt"/>
          <line num="44" count="13" type="cond" truecount="2" falsecount="0"/>
          <line num="45" count="12" type="stmt"/>
          <line num="47" count="1" type="stmt"/>
          <line num="52" count="1" type="stmt"/>
          <line num="61" count="1" type="stmt"/>
          <line num="62" count="0" type="stmt"/>
          <line num="65" count="1" type="stmt"/>
          <line num="66" count="3" type="stmt"/>
          <line num="69" count="1" type="stmt"/>
          <line num="70" count="1" type="stmt"/>
          <line num="71" count="0" type="stmt"/>
          <line num="81" count="11" type="stmt"/>
        </file>
        <file name="view.js" path="/home/nuno/gamesinc/greg_slot/src/modules/view.js">
          <metrics statements="7" coveredstatements="6" conditionals="2" coveredconditionals="1" methods="4" coveredmethods="3"/>
          <line num="4" count="60" type="stmt"/>
          <line num="15" count="60" type="stmt"/>
          <line num="16" count="60" type="cond" truecount="1" falsecount="1"/>
          <line num="20" count="84" type="stmt"/>
          <line num="24" count="0" type="stmt"/>
          <line num="28" count="60" type="stmt"/>
          <line num="31" count="2" type="stmt"/>
        </file>
      </package>
    </metrics>
  </project>
</coverage>
