<?xml version="1.0" encoding="UTF-8"?>
<coverage generated="1510914969321" clover="3.2.0">
  <project timestamp="1510914969321" name="All files">
    <metrics statements="107" coveredstatements="88" conditionals="25" coveredconditionals="15" methods="44" coveredmethods="36" elements="176" coveredelements="139" complexity="0" loc="107" ncloc="107" packages="2" files="8" classes="8">
      <package name="__test__">
        <metrics statements="8" coveredstatements="8" conditionals="0" coveredconditionals="0" methods="5" coveredmethods="5"/>
        <file name="database.js" path="C:\Users\Greg Jarves\Desktop\slot\__test__\database.js">
          <metrics statements="8" coveredstatements="8" conditionals="0" coveredconditionals="0" methods="5" coveredmethods="5"/>
          <line num="4" count="4" type="stmt"/>
          <line num="5" count="4" type="stmt"/>
          <line num="9" count="11" type="stmt"/>
          <line num="10" count="11" type="stmt"/>
          <line num="14" count="12" type="stmt"/>
          <line num="18" count="12" type="stmt"/>
          <line num="19" count="12" type="stmt"/>
          <line num="23" count="4" type="stmt"/>
        </file>
      </package>
      <package name="src.modules">
        <metrics statements="99" coveredstatements="80" conditionals="25" coveredconditionals="15" methods="39" coveredmethods="31"/>
        <file name="assets.js" path="C:\Users\Greg Jarves\Desktop\slot\src\modules\assets.js">
          <metrics statements="1" coveredstatements="1" conditionals="0" coveredconditionals="0" methods="0" coveredmethods="0"/>
          <line num="1" count="3" type="stmt"/>
        </file>
        <file name="cg.js" path="C:\Users\Greg Jarves\Desktop\slot\src\modules\cg.js">
          <metrics statements="15" coveredstatements="15" conditionals="2" coveredconditionals="2" methods="7" coveredmethods="7"/>
          <line num="2" count="2" type="stmt"/>
          <line num="10" count="2" type="stmt"/>
          <line num="13" count="2" type="stmt"/>
          <line num="14" count="2" type="stmt"/>
          <line num="16" count="2" type="stmt"/>
          <line num="17" count="18" type="stmt"/>
          <line num="18" count="18" type="stmt"/>
          <line num="19" count="18" type="cond" truecount="2" falsecount="0"/>
          <line num="21" count="2" type="stmt"/>
          <line num="25" count="2" type="stmt"/>
          <line num="29" count="2" type="stmt"/>
          <line num="33" count="2" type="stmt"/>
          <line num="37" count="2" type="stmt"/>
          <line num="41" count="2" type="stmt"/>
          <line num="45" count="2" type="stmt"/>
        </file>
        <file name="game.js" path="C:\Users\Greg Jarves\Desktop\slot\src\modules\game.js">
          <metrics statements="25" coveredstatements="14" conditionals="6" coveredconditionals="3" methods="8" coveredmethods="5"/>
          <line num="7" count="8" type="stmt"/>
          <line num="8" count="8" type="stmt"/>
          <line num="9" count="8" type="stmt"/>
          <line num="17" count="8" type="stmt"/>
          <line num="18" count="8" type="stmt"/>
          <line num="19" count="8" type="stmt"/>
          <line num="21" count="8" type="stmt"/>
          <line num="25" count="1" type="stmt"/>
          <line num="29" count="2" type="cond" truecount="2" falsecount="0"/>
          <line num="35" count="0" type="stmt"/>
          <line num="36" count="0" type="stmt"/>
          <line num="40" count="0" type="stmt"/>
          <line num="41" count="0" type="stmt"/>
          <line num="42" count="0" type="cond" truecount="0" falsecount="2"/>
          <line num="43" count="0" type="stmt"/>
          <line num="44" count="0" type="stmt"/>
          <line num="46" count="0" type="stmt"/>
          <line num="50" count="1" type="stmt"/>
          <line num="52" count="1" type="stmt"/>
          <line num="53" count="6" type="cond" truecount="1" falsecount="1"/>
          <line num="54" count="6" type="stmt"/>
          <line num="60" count="2" type="stmt"/>
          <line num="64" count="0" type="stmt"/>
          <line num="68" count="0" type="stmt"/>
          <line num="69" count="0" type="stmt"/>
        </file>
        <file name="observerList.js" path="C:\Users\Greg Jarves\Desktop\slot\src\modules\observerList.js">
          <metrics statements="10" coveredstatements="8" conditionals="2" coveredconditionals="1" methods="5" coveredmethods="5"/>
          <line num="3" count="8" type="stmt"/>
          <line num="7" count="8" type="stmt"/>
          <line num="9" count="8" type="cond" truecount="1" falsecount="1"/>
          <line num="10" count="8" type="stmt"/>
          <line num="11" count="48" type="stmt"/>
          <line num="14" count="8" type="stmt"/>
          <line num="17" count="0" type="stmt"/>
          <line num="18" count="0" type="stmt"/>
          <line num="22" count="2" type="stmt"/>
          <line num="23" count="12" type="stmt"/>
        </file>
        <file name="rgn.js" path="C:\Users\Greg Jarves\Desktop\slot\src\modules\rgn.js">
          <metrics statements="16" coveredstatements="16" conditionals="4" coveredconditionals="2" methods="3" coveredmethods="3"/>
          <line num="3" count="12" type="cond" truecount="1" falsecount="1"/>
          <line num="4" count="12" type="cond" truecount="1" falsecount="1"/>
          <line num="6" count="12" type="stmt"/>
          <line num="10" count="29" type="stmt"/>
          <line num="11" count="29" type="stmt"/>
          <line num="13" count="29" type="stmt"/>
          <line num="14" count="145" type="stmt"/>
          <line num="16" count="145" type="stmt"/>
          <line num="19" count="29" type="stmt"/>
          <line num="23" count="1" type="stmt"/>
          <line num="26" count="1" type="stmt"/>
          <line num="27" count="5" type="stmt"/>
          <line num="29" count="5" type="stmt"/>
          <line num="30" count="5" type="stmt"/>
          <line num="31" count="5" type="stmt"/>
          <line num="34" count="1" type="stmt"/>
        </file>
        <file name="slotMAnager.js" path="C:\Users\Greg Jarves\Desktop\slot\src\modules\slotMAnager.js">
          <metrics statements="25" coveredstatements="20" conditionals="9" coveredconditionals="6" methods="12" coveredmethods="8"/>
          <line num="6" count="9" type="stmt"/>
          <line num="8" count="9" type="stmt"/>
          <line num="9" count="9" type="stmt"/>
          <line num="13" count="1" type="cond" truecount="1" falsecount="1"/>
          <line num="17" count="0" type="stmt"/>
          <line num="21" count="2" type="stmt"/>
          <line num="22" count="2" type="stmt"/>
          <line num="23" count="2" type="stmt"/>
          <line num="29" count="2" type="cond" truecount="3" falsecount="0"/>
          <line num="33" count="2" type="stmt"/>
          <line num="40" count="1" type="stmt"/>
          <line num="41" count="1" type="stmt"/>
          <line num="42" count="1" type="stmt"/>
          <line num="44" count="1" type="cond" truecount="1" falsecount="1"/>
          <line num="45" count="0" type="stmt"/>
          <line num="47" count="1" type="stmt"/>
          <line num="52" count="0" type="stmt"/>
          <line num="61" count="1" type="stmt"/>
          <line num="62" count="0" type="stmt"/>
          <line num="65" count="1" type="stmt"/>
          <line num="66" count="3" type="stmt"/>
          <line num="69" count="1" type="stmt"/>
          <line num="70" count="1" type="stmt"/>
          <line num="71" count="0" type="stmt"/>
          <line num="81" count="9" type="stmt"/>
        </file>
        <file name="view.js" path="C:\Users\Greg Jarves\Desktop\slot\src\modules\view.js">
          <metrics statements="7" coveredstatements="6" conditionals="2" coveredconditionals="1" methods="4" coveredmethods="3"/>
          <line num="4" count="48" type="stmt"/>
          <line num="15" count="48" type="stmt"/>
          <line num="16" count="48" type="cond" truecount="1" falsecount="1"/>
          <line num="20" count="12" type="stmt"/>
          <line num="24" count="0" type="stmt"/>
          <line num="28" count="48" type="stmt"/>
          <line num="31" count="2" type="stmt"/>
        </file>
      </package>
    </metrics>
  </project>
</coverage>
