{"C:\\Users\\Greg Jarves\\Desktop\\slot\\__test__\\database.js": {"path":"C:\\Users\\Greg Jarves\\Desktop\\slot\\__test__\\database.js","statementMap":{"0":{"start":{"line":4,"column":6},"end":{"line":4,"column":23}},"1":{"start":{"line":5,"column":6},"end":{"line":5,"column":28}},"2":{"start":{"line":9,"column":18},"end":{"line":9,"column":37}},"3":{"start":{"line":10,"column":6},"end":{"line":10,"column":29}},"4":{"start":{"line":14,"column":6},"end":{"line":14,"column":38}},"5":{"start":{"line":18,"column":6},"end":{"line":18,"column":24}},"6":{"start":{"line":19,"column":6},"end":{"line":19,"column":35}},"7":{"start":{"line":23,"column":2},"end":{"line":23,"column":28}}},"fnMap":{"0":{"name":"makeGlobalDatabase","decl":{"start":{"line":1,"column":9},"end":{"line":1,"column":27}},"loc":{"start":{"line":1,"column":34},"end":{"line":24,"column":1}},"line":1},"1":{"name":"(anonymous_1)","decl":{"start":{"line":3,"column":4},"end":{"line":3,"column":5}},"loc":{"start":{"line":3,"column":22},"end":{"line":6,"column":5}},"line":3},"2":{"name":"(anonymous_2)","decl":{"start":{"line":8,"column":4},"end":{"line":8,"column":5}},"loc":{"start":{"line":8,"column":25},"end":{"line":11,"column":5}},"line":8},"3":{"name":"(anonymous_3)","decl":{"start":{"line":13,"column":4},"end":{"line":13,"column":5}},"loc":{"start":{"line":13,"column":20},"end":{"line":15,"column":5}},"line":13},"4":{"name":"(anonymous_4)","decl":{"start":{"line":17,"column":4},"end":{"line":17,"column":5}},"loc":{"start":{"line":17,"column":12},"end":{"line":20,"column":5}},"line":17}},"branchMap":{},"s":{"0":6,"1":6,"2":21,"3":21,"4":14,"5":14,"6":14,"7":6},"f":{"0":6,"1":6,"2":21,"3":14,"4":14},"b":{},"_coverageSchema":"332fd63041d2c1bcb487cc26dd0d5f7d97098a6c","hash":"08a867c70466c24b700deafb8493ca4a73d07bb9"}
,"C:\\Users\\Greg Jarves\\Desktop\\slot\\src\\modules\\slot\\currency.js": {"path":"C:\\Users\\Greg Jarves\\Desktop\\slot\\src\\modules\\slot\\currency.js","statementMap":{"0":{"start":{"line":1,"column":24},"end":{"line":16,"column":1}},"1":{"start":{"line":2,"column":17},"end":{"line":2,"column":18}},"2":{"start":{"line":5,"column":4},"end":{"line":5,"column":44}},"3":{"start":{"line":9,"column":4},"end":{"line":9,"column":44}},"4":{"start":{"line":12,"column":2},"end":{"line":15,"column":3}}},"fnMap":{"0":{"name":"(anonymous_0)","decl":{"start":{"line":1,"column":24},"end":{"line":1,"column":25}},"loc":{"start":{"line":1,"column":36},"end":{"line":16,"column":1}},"line":1},"1":{"name":"toFixed","decl":{"start":{"line":4,"column":11},"end":{"line":4,"column":18}},"loc":{"start":{"line":4,"column":46},"end":{"line":6,"column":3}},"line":4},"2":{"name":"computePayout","decl":{"start":{"line":8,"column":11},"end":{"line":8,"column":24}},"loc":{"start":{"line":8,"column":47},"end":{"line":10,"column":3}},"line":8}},"branchMap":{"0":{"loc":{"start":{"line":4,"column":27},"end":{"line":4,"column":44}},"type":"default-arg","locations":[{"start":{"line":4,"column":43},"end":{"line":4,"column":44}}],"line":4}},"s":{"0":3,"1":7,"2":4,"3":3,"4":7},"f":{"0":7,"1":4,"2":3},"b":{"0":[4]},"_coverageSchema":"332fd63041d2c1bcb487cc26dd0d5f7d97098a6c","hash":"c23c70079faa3c68bcd7b7192eb460617ea591b3"}
,"C:\\Users\\Greg Jarves\\Desktop\\slot\\src\\modules\\slot\\rng.js": {"path":"C:\\Users\\Greg Jarves\\Desktop\\slot\\src\\modules\\slot\\rng.js","statementMap":{"0":{"start":{"line":1,"column":12},"end":{"line":23,"column":1}},"1":{"start":{"line":2,"column":17},"end":{"line":2,"column":20}},"2":{"start":{"line":3,"column":17},"end":{"line":3,"column":20}},"3":{"start":{"line":6,"column":16},"end":{"line":6,"column":18}},"4":{"start":{"line":7,"column":4},"end":{"line":9,"column":5}},"5":{"start":{"line":8,"column":6},"end":{"line":8,"column":33}},"6":{"start":{"line":11,"column":4},"end":{"line":11,"column":16}},"7":{"start":{"line":15,"column":4},"end":{"line":17,"column":5}},"8":{"start":{"line":20,"column":2},"end":{"line":22,"column":3}}},"fnMap":{"0":{"name":"(anonymous_0)","decl":{"start":{"line":1,"column":12},"end":{"line":1,"column":13}},"loc":{"start":{"line":1,"column":34},"end":{"line":23,"column":1}},"line":1},"1":{"name":"generateRandomArray","decl":{"start":{"line":5,"column":11},"end":{"line":5,"column":30}},"loc":{"start":{"line":5,"column":37},"end":{"line":12,"column":3}},"line":5},"2":{"name":"randomBetween","decl":{"start":{"line":14,"column":11},"end":{"line":14,"column":24}},"loc":{"start":{"line":14,"column":28},"end":{"line":18,"column":3}},"line":14}},"branchMap":{},"s":{"0":2,"1":6,"2":6,"3":11,"4":11,"5":55,"6":11,"7":55,"8":6},"f":{"0":6,"1":11,"2":55},"b":{},"_coverageSchema":"332fd63041d2c1bcb487cc26dd0d5f7d97098a6c","hash":"a58f3d528b42207878d1148581a7e2c5b9623545"}
,"C:\\Users\\Greg Jarves\\Desktop\\slot\\src\\modules\\slot\\slot.js": {"path":"C:\\Users\\Greg Jarves\\Desktop\\slot\\src\\modules\\slot\\slot.js","statementMap":{"0":{"start":{"line":6,"column":4},"end":{"line":6,"column":44}},"1":{"start":{"line":7,"column":4},"end":{"line":7,"column":41}},"2":{"start":{"line":8,"column":4},"end":{"line":8,"column":46}},"3":{"start":{"line":9,"column":4},"end":{"line":9,"column":46}},"4":{"start":{"line":10,"column":4},"end":{"line":10,"column":43}},"5":{"start":{"line":11,"column":4},"end":{"line":11,"column":45}},"6":{"start":{"line":12,"column":4},"end":{"line":12,"column":43}},"7":{"start":{"line":13,"column":4},"end":{"line":13,"column":44}},"8":{"start":{"line":15,"column":4},"end":{"line":15,"column":61}},"9":{"start":{"line":16,"column":4},"end":{"line":19,"column":6}},"10":{"start":{"line":21,"column":4},"end":{"line":21,"column":40}},"11":{"start":{"line":25,"column":19},"end":{"line":25,"column":45}},"12":{"start":{"line":26,"column":19},"end":{"line":28,"column":70}},"13":{"start":{"line":29,"column":16},"end":{"line":33,"column":5}},"14":{"start":{"line":34,"column":4},"end":{"line":34,"column":33}},"15":{"start":{"line":38,"column":15},"end":{"line":38,"column":63}},"16":{"start":{"line":39,"column":4},"end":{"line":39,"column":49}},"17":{"start":{"line":43,"column":4},"end":{"line":45,"column":42}},"18":{"start":{"line":49,"column":4},"end":{"line":49,"column":37}}},"fnMap":{"0":{"name":"(anonymous_0)","decl":{"start":{"line":5,"column":2},"end":{"line":5,"column":3}},"loc":{"start":{"line":5,"column":30},"end":{"line":22,"column":3}},"line":5},"1":{"name":"(anonymous_1)","decl":{"start":{"line":24,"column":2},"end":{"line":24,"column":3}},"loc":{"start":{"line":24,"column":12},"end":{"line":35,"column":3}},"line":24},"2":{"name":"(anonymous_2)","decl":{"start":{"line":37,"column":2},"end":{"line":37,"column":3}},"loc":{"start":{"line":37,"column":25},"end":{"line":40,"column":3}},"line":37},"3":{"name":"(anonymous_3)","decl":{"start":{"line":42,"column":2},"end":{"line":42,"column":3}},"loc":{"start":{"line":42,"column":31},"end":{"line":46,"column":3}},"line":42},"4":{"name":"(anonymous_4)","decl":{"start":{"line":48,"column":2},"end":{"line":48,"column":3}},"loc":{"start":{"line":48,"column":24},"end":{"line":50,"column":3}},"line":48}},"branchMap":{"0":{"loc":{"start":{"line":43,"column":11},"end":{"line":45,"column":42}},"type":"cond-expr","locations":[{"start":{"line":44,"column":8},"end":{"line":44,"column":50}},{"start":{"line":45,"column":8},"end":{"line":45,"column":42}}],"line":43}},"s":{"0":5,"1":5,"2":5,"3":5,"4":5,"5":5,"6":5,"7":5,"8":5,"9":5,"10":5,"11":1,"12":1,"13":1,"14":1,"15":3,"16":3,"17":3,"18":1},"f":{"0":5,"1":1,"2":3,"3":3,"4":1},"b":{"0":[1,2]},"_coverageSchema":"332fd63041d2c1bcb487cc26dd0d5f7d97098a6c","hash":"475d733daac3012abca6e1e8ba58ff3b6a065576"}
,"C:\\Users\\Greg Jarves\\Desktop\\slot\\src\\modules\\slot\\winManager.js": {"path":"C:\\Users\\Greg Jarves\\Desktop\\slot\\src\\modules\\slot\\winManager.js","statementMap":{"0":{"start":{"line":4,"column":17},"end":{"line":81,"column":1}},"1":{"start":{"line":6,"column":11},"end":{"line":6,"column":20}},"2":{"start":{"line":7,"column":18},"end":{"line":7,"column":27}},"3":{"start":{"line":8,"column":16},"end":{"line":8,"column":23}},"4":{"start":{"line":9,"column":19},"end":{"line":9,"column":36}},"5":{"start":{"line":12,"column":4},"end":{"line":20,"column":5}},"6":{"start":{"line":13,"column":20},"end":{"line":13,"column":43}},"7":{"start":{"line":15,"column":6},"end":{"line":18,"column":7}},"8":{"start":{"line":16,"column":8},"end":{"line":16,"column":25}},"9":{"start":{"line":17,"column":8},"end":{"line":17,"column":18}},"10":{"start":{"line":19,"column":6},"end":{"line":19,"column":16}},"11":{"start":{"line":24,"column":23},"end":{"line":24,"column":27}},"12":{"start":{"line":25,"column":13},"end":{"line":29,"column":5}},"13":{"start":{"line":31,"column":18},"end":{"line":33,"column":40}},"14":{"start":{"line":35,"column":4},"end":{"line":38,"column":5}},"15":{"start":{"line":42,"column":4},"end":{"line":50,"column":5}},"16":{"start":{"line":43,"column":6},"end":{"line":49,"column":7}},"17":{"start":{"line":55,"column":19},"end":{"line":57,"column":9}},"18":{"start":{"line":56,"column":6},"end":{"line":56,"column":32}},"19":{"start":{"line":59,"column":21},"end":{"line":61,"column":12}},"20":{"start":{"line":60,"column":6},"end":{"line":60,"column":41}},"21":{"start":{"line":63,"column":17},"end":{"line":63,"column":64}},"22":{"start":{"line":65,"column":4},"end":{"line":73,"column":5}},"23":{"start":{"line":66,"column":6},"end":{"line":72,"column":7}},"24":{"start":{"line":76,"column":2},"end":{"line":80,"column":3}}},"fnMap":{"0":{"name":"(anonymous_0)","decl":{"start":{"line":4,"column":17},"end":{"line":4,"column":18}},"loc":{"start":{"line":4,"column":49},"end":{"line":81,"column":1}},"line":4},"1":{"name":"assertWin","decl":{"start":{"line":11,"column":11},"end":{"line":11,"column":20}},"loc":{"start":{"line":11,"column":36},"end":{"line":21,"column":3}},"line":11},"2":{"name":"(anonymous_2)","decl":{"start":{"line":12,"column":11},"end":{"line":12,"column":12}},"loc":{"start":{"line":12,"column":32},"end":{"line":20,"column":5}},"line":12},"3":{"name":"deepCompare","decl":{"start":{"line":23,"column":11},"end":{"line":23,"column":22}},"loc":{"start":{"line":23,"column":36},"end":{"line":39,"column":3}},"line":23},"4":{"name":"noMatchFound","decl":{"start":{"line":41,"column":11},"end":{"line":41,"column":23}},"loc":{"start":{"line":41,"column":31},"end":{"line":51,"column":3}},"line":41},"5":{"name":"(anonymous_5)","decl":{"start":{"line":42,"column":11},"end":{"line":42,"column":12}},"loc":{"start":{"line":42,"column":32},"end":{"line":50,"column":5}},"line":42},"6":{"name":"matchFound","decl":{"start":{"line":53,"column":11},"end":{"line":53,"column":21}},"loc":{"start":{"line":53,"column":39},"end":{"line":74,"column":3}},"line":53},"7":{"name":"(anonymous_7)","decl":{"start":{"line":55,"column":33},"end":{"line":55,"column":34}},"loc":{"start":{"line":55,"column":49},"end":{"line":57,"column":5}},"line":55},"8":{"name":"(anonymous_8)","decl":{"start":{"line":59,"column":34},"end":{"line":59,"column":35}},"loc":{"start":{"line":59,"column":49},"end":{"line":61,"column":5}},"line":59},"9":{"name":"(anonymous_9)","decl":{"start":{"line":65,"column":11},"end":{"line":65,"column":12}},"loc":{"start":{"line":65,"column":32},"end":{"line":73,"column":5}},"line":65}},"branchMap":{"0":{"loc":{"start":{"line":15,"column":6},"end":{"line":18,"column":7}},"type":"if","locations":[{"start":{"line":15,"column":6},"end":{"line":18,"column":7}},{"start":{"line":15,"column":6},"end":{"line":18,"column":7}}],"line":15},"1":{"loc":{"start":{"line":31,"column":18},"end":{"line":33,"column":40}},"type":"binary-expr","locations":[{"start":{"line":31,"column":18},"end":{"line":31,"column":40}},{"start":{"line":32,"column":18},"end":{"line":32,"column":40}},{"start":{"line":33,"column":18},"end":{"line":33,"column":40}}],"line":31},"2":{"loc":{"start":{"line":37,"column":16},"end":{"line":37,"column":41}},"type":"cond-expr","locations":[{"start":{"line":37,"column":26},"end":{"line":37,"column":34}},{"start":{"line":37,"column":37},"end":{"line":37,"column":41}}],"line":37}},"s":{"0":2,"1":6,"2":6,"3":6,"4":6,"5":4,"6":24,"7":24,"8":3,"9":3,"10":21,"11":24,"12":24,"13":24,"14":24,"15":4,"16":1,"17":3,"18":0,"19":3,"20":7,"21":3,"22":3,"23":1,"24":6},"f":{"0":6,"1":4,"2":24,"3":24,"4":4,"5":1,"6":3,"7":0,"8":7,"9":1},"b":{"0":[3,21],"1":[24,9,3],"2":[3,21]},"_coverageSchema":"332fd63041d2c1bcb487cc26dd0d5f7d97098a6c","hash":"3be692c63bcdcfecc02d5120a54466f8dc6b5266"}
,"C:\\Users\\Greg Jarves\\Desktop\\slot\\src\\modules\\states\\config.js": {"path":"C:\\Users\\Greg Jarves\\Desktop\\slot\\src\\modules\\states\\config.js","statementMap":{"0":{"start":{"line":1,"column":20},"end":{"line":27,"column":1}}},"fnMap":{},"branchMap":{},"s":{"0":3},"f":{},"b":{},"_coverageSchema":"332fd63041d2c1bcb487cc26dd0d5f7d97098a6c","hash":"55607cdedd78842c1a50f060cfbe8ed843efe890"}
}
