{"/home/nuno/gamesinc/greg_slot/__test__/database.js": {"path":"/home/nuno/gamesinc/greg_slot/__test__/database.js","statementMap":{"0":{"start":{"line":4,"column":6},"end":{"line":4,"column":23}},"1":{"start":{"line":5,"column":6},"end":{"line":5,"column":28}},"2":{"start":{"line":9,"column":20},"end":{"line":9,"column":39}},"3":{"start":{"line":10,"column":6},"end":{"line":10,"column":31}},"4":{"start":{"line":14,"column":6},"end":{"line":14,"column":38}},"5":{"start":{"line":18,"column":6},"end":{"line":18,"column":24}},"6":{"start":{"line":19,"column":6},"end":{"line":19,"column":35}},"7":{"start":{"line":23,"column":2},"end":{"line":23,"column":28}}},"fnMap":{"0":{"name":"makeGlobalDatabase","decl":{"start":{"line":1,"column":9},"end":{"line":1,"column":27}},"loc":{"start":{"line":1,"column":34},"end":{"line":24,"column":1}},"line":1},"1":{"name":"(anonymous_1)","decl":{"start":{"line":3,"column":4},"end":{"line":3,"column":5}},"loc":{"start":{"line":3,"column":22},"end":{"line":6,"column":5}},"line":3},"2":{"name":"(anonymous_2)","decl":{"start":{"line":8,"column":4},"end":{"line":8,"column":5}},"loc":{"start":{"line":8,"column":25},"end":{"line":11,"column":5}},"line":8},"3":{"name":"(anonymous_3)","decl":{"start":{"line":13,"column":4},"end":{"line":13,"column":5}},"loc":{"start":{"line":13,"column":20},"end":{"line":15,"column":5}},"line":13},"4":{"name":"(anonymous_4)","decl":{"start":{"line":17,"column":4},"end":{"line":17,"column":5}},"loc":{"start":{"line":17,"column":12},"end":{"line":20,"column":5}},"line":17}},"branchMap":{},"s":{"0":4,"1":4,"2":13,"3":13,"4":14,"5":14,"6":14,"7":4},"f":{"0":4,"1":4,"2":13,"3":14,"4":14},"b":{},"_coverageSchema":"332fd63041d2c1bcb487cc26dd0d5f7d97098a6c","hash":"32c08afebeac79b401f1350816d0c962cb3e901b"}
,"/home/nuno/gamesinc/greg_slot/src/modules/assets.js": {"path":"/home/nuno/gamesinc/greg_slot/src/modules/assets.js","statementMap":{"0":{"start":{"line":1,"column":13},"end":{"line":25,"column":1}}},"fnMap":{},"branchMap":{},"s":{"0":3},"f":{},"b":{},"_coverageSchema":"332fd63041d2c1bcb487cc26dd0d5f7d97098a6c","hash":"f1c51aec263089961beb8444681190e52be50773"}
,"/home/nuno/gamesinc/greg_slot/src/modules/cg.js": {"path":"/home/nuno/gamesinc/greg_slot/src/modules/cg.js","statementMap":{"0":{"start":{"line":2,"column":22},"end":{"line":8,"column":1}},"1":{"start":{"line":10,"column":16},"end":{"line":10,"column":51}},"2":{"start":{"line":13,"column":15},"end":{"line":13,"column":16}},"3":{"start":{"line":14,"column":18},"end":{"line":14,"column":33}},"4":{"start":{"line":16,"column":4},"end":{"line":20,"column":5}},"5":{"start":{"line":17,"column":14},"end":{"line":17,"column":35}},"6":{"start":{"line":18,"column":6},"end":{"line":18,"column":53}},"7":{"start":{"line":19,"column":6},"end":{"line":19,"column":26}},"8":{"start":{"line":19,"column":19},"end":{"line":19,"column":26}},"9":{"start":{"line":21,"column":4},"end":{"line":21,"column":44}},"10":{"start":{"line":25,"column":4},"end":{"line":25,"column":43}},"11":{"start":{"line":29,"column":4},"end":{"line":29,"column":53}},"12":{"start":{"line":33,"column":4},"end":{"line":33,"column":49}},"13":{"start":{"line":37,"column":4},"end":{"line":37,"column":49}},"14":{"start":{"line":41,"column":4},"end":{"line":41,"column":44}},"15":{"start":{"line":45,"column":2},"end":{"line":52,"column":4}}},"fnMap":{"0":{"name":"(anonymous_0)","decl":{"start":{"line":1,"column":16},"end":{"line":1,"column":17}},"loc":{"start":{"line":1,"column":27},"end":{"line":53,"column":1}},"line":1},"1":{"name":"reels","decl":{"start":{"line":12,"column":11},"end":{"line":12,"column":16}},"loc":{"start":{"line":12,"column":29},"end":{"line":22,"column":3}},"line":12},"2":{"name":"winMessage","decl":{"start":{"line":24,"column":11},"end":{"line":24,"column":21}},"loc":{"start":{"line":24,"column":30},"end":{"line":26,"column":3}},"line":24},"3":{"name":"spinReelMessage","decl":{"start":{"line":28,"column":11},"end":{"line":28,"column":26}},"loc":{"start":{"line":28,"column":29},"end":{"line":30,"column":3}},"line":28},"4":{"name":"accumulatedWin","decl":{"start":{"line":32,"column":11},"end":{"line":32,"column":25}},"loc":{"start":{"line":32,"column":34},"end":{"line":34,"column":3}},"line":32},"5":{"name":"stake","decl":{"start":{"line":36,"column":11},"end":{"line":36,"column":16}},"loc":{"start":{"line":36,"column":24},"end":{"line":38,"column":3}},"line":36},"6":{"name":"cash","decl":{"start":{"line":40,"column":11},"end":{"line":40,"column":15}},"loc":{"start":{"line":40,"column":24},"end":{"line":42,"column":3}},"line":40}},"branchMap":{"0":{"loc":{"start":{"line":19,"column":6},"end":{"line":19,"column":26}},"type":"if","locations":[{"start":{"line":19,"column":6},"end":{"line":19,"column":26}},{"start":{"line":19,"column":6},"end":{"line":19,"column":26}}],"line":19}},"s":{"0":2,"1":2,"2":14,"3":14,"4":14,"5":126,"6":126,"7":126,"8":42,"9":14,"10":14,"11":14,"12":14,"13":14,"14":14,"15":2},"f":{"0":2,"1":14,"2":14,"3":14,"4":14,"5":14,"6":14},"b":{"0":[42,84]},"_coverageSchema":"332fd63041d2c1bcb487cc26dd0d5f7d97098a6c","hash":"53baa4af53f05f3605cba2cb451b92e4880974b9"}
,"/home/nuno/gamesinc/greg_slot/src/modules/game.js": {"path":"/home/nuno/gamesinc/greg_slot/src/modules/game.js","statementMap":{"0":{"start":{"line":7,"column":4},"end":{"line":7,"column":12}},"1":{"start":{"line":8,"column":4},"end":{"line":8,"column":38}},"2":{"start":{"line":9,"column":4},"end":{"line":16,"column":6}},"3":{"start":{"line":17,"column":4},"end":{"line":17,"column":56}},"4":{"start":{"line":18,"column":4},"end":{"line":18,"column":31}},"5":{"start":{"line":19,"column":4},"end":{"line":19,"column":54}},"6":{"start":{"line":21,"column":4},"end":{"line":21,"column":37}},"7":{"start":{"line":22,"column":4},"end":{"line":22,"column":17}},"8":{"start":{"line":26,"column":4},"end":{"line":26,"column":18}},"9":{"start":{"line":30,"column":4},"end":{"line":32,"column":28}},"10":{"start":{"line":36,"column":4},"end":{"line":36,"column":28}},"11":{"start":{"line":37,"column":19},"end":{"line":39,"column":24}},"12":{"start":{"line":41,"column":4},"end":{"line":41,"column":17}},"13":{"start":{"line":42,"column":4},"end":{"line":46,"column":5}},"14":{"start":{"line":43,"column":6},"end":{"line":43,"column":19}},"15":{"start":{"line":44,"column":6},"end":{"line":44,"column":19}},"16":{"start":{"line":45,"column":5},"end":{"line":45,"column":12}},"17":{"start":{"line":47,"column":1},"end":{"line":47,"column":44}},"18":{"start":{"line":48,"column":4},"end":{"line":48,"column":18}},"19":{"start":{"line":52,"column":17},"end":{"line":52,"column":49}},"20":{"start":{"line":54,"column":4},"end":{"line":58,"column":5}},"21":{"start":{"line":55,"column":6},"end":{"line":57,"column":7}},"22":{"start":{"line":56,"column":8},"end":{"line":56,"column":38}},"23":{"start":{"line":62,"column":4},"end":{"line":63,"column":32}},"24":{"start":{"line":63,"column":6},"end":{"line":63,"column":32}},"25":{"start":{"line":64,"column":4},"end":{"line":64,"column":16}},"26":{"start":{"line":68,"column":4},"end":{"line":68,"column":41}},"27":{"start":{"line":72,"column":4},"end":{"line":72,"column":20}},"28":{"start":{"line":76,"column":4},"end":{"line":76,"column":37}},"29":{"start":{"line":77,"column":4},"end":{"line":77,"column":18}},"30":{"start":{"line":80,"column":4},"end":{"line":82,"column":5}}},"fnMap":{"0":{"name":"(anonymous_0)","decl":{"start":{"line":6,"column":2},"end":{"line":6,"column":3}},"loc":{"start":{"line":6,"column":16},"end":{"line":23,"column":3}},"line":6},"1":{"name":"(anonymous_1)","decl":{"start":{"line":25,"column":2},"end":{"line":25,"column":3}},"loc":{"start":{"line":25,"column":10},"end":{"line":27,"column":3}},"line":25},"2":{"name":"(anonymous_2)","decl":{"start":{"line":29,"column":2},"end":{"line":29,"column":3}},"loc":{"start":{"line":29,"column":22},"end":{"line":33,"column":3}},"line":29},"3":{"name":"(anonymous_3)","decl":{"start":{"line":35,"column":2},"end":{"line":35,"column":3}},"loc":{"start":{"line":35,"column":9},"end":{"line":49,"column":3}},"line":35},"4":{"name":"(anonymous_4)","decl":{"start":{"line":51,"column":2},"end":{"line":51,"column":3}},"loc":{"start":{"line":51,"column":25},"end":{"line":59,"column":3}},"line":51},"5":{"name":"(anonymous_5)","decl":{"start":{"line":61,"column":2},"end":{"line":61,"column":3}},"loc":{"start":{"line":61,"column":22},"end":{"line":65,"column":3}},"line":61},"6":{"name":"(anonymous_6)","decl":{"start":{"line":67,"column":2},"end":{"line":67,"column":3}},"loc":{"start":{"line":67,"column":11},"end":{"line":69,"column":3}},"line":67},"7":{"name":"(anonymous_7)","decl":{"start":{"line":71,"column":2},"end":{"line":71,"column":3}},"loc":{"start":{"line":71,"column":10},"end":{"line":73,"column":3}},"line":71},"8":{"name":"(anonymous_8)","decl":{"start":{"line":75,"column":2},"end":{"line":75,"column":3}},"loc":{"start":{"line":75,"column":10},"end":{"line":78,"column":3}},"line":75},"9":{"name":"(anonymous_9)","decl":{"start":{"line":79,"column":2},"end":{"line":79,"column":3}},"loc":{"start":{"line":79,"column":12},"end":{"line":83,"column":3}},"line":79}},"branchMap":{"0":{"loc":{"start":{"line":30,"column":11},"end":{"line":32,"column":27}},"type":"cond-expr","locations":[{"start":{"line":31,"column":10},"end":{"line":31,"column":35}},{"start":{"line":32,"column":10},"end":{"line":32,"column":27}}],"line":30},"1":{"loc":{"start":{"line":42,"column":4},"end":{"line":46,"column":5}},"type":"if","locations":[{"start":{"line":42,"column":4},"end":{"line":46,"column":5}},{"start":{"line":42,"column":4},"end":{"line":46,"column":5}}],"line":42},"2":{"loc":{"start":{"line":55,"column":6},"end":{"line":57,"column":7}},"type":"if","locations":[{"start":{"line":55,"column":6},"end":{"line":57,"column":7}},{"start":{"line":55,"column":6},"end":{"line":57,"column":7}}],"line":55},"3":{"loc":{"start":{"line":62,"column":4},"end":{"line":63,"column":32}},"type":"if","locations":[{"start":{"line":62,"column":4},"end":{"line":63,"column":32}},{"start":{"line":62,"column":4},"end":{"line":63,"column":32}}],"line":62},"4":{"loc":{"start":{"line":80,"column":4},"end":{"line":82,"column":5}},"type":"if","locations":[{"start":{"line":80,"column":4},"end":{"line":82,"column":5}},{"start":{"line":80,"column":4},"end":{"line":82,"column":5}}],"line":80}},"s":{"0":10,"1":10,"2":10,"3":10,"4":10,"5":10,"6":10,"7":10,"8":11,"9":3,"10":2,"11":2,"12":2,"13":2,"14":1,"15":1,"16":1,"17":1,"18":1,"19":2,"20":2,"21":10,"22":10,"23":0,"24":0,"25":0,"26":14,"27":3,"28":1,"29":1,"30":0},"f":{"0":10,"1":11,"2":3,"3":2,"4":2,"5":0,"6":14,"7":3,"8":1,"9":0},"b":{"0":[1,2],"1":[1,1],"2":[10,0],"3":[0,0],"4":[0,0]},"_coverageSchema":"332fd63041d2c1bcb487cc26dd0d5f7d97098a6c","hash":"2eac74c68ca205499c7fcce7f3ad5d10512482e3"}
,"/home/nuno/gamesinc/greg_slot/src/modules/observerList.js": {"path":"/home/nuno/gamesinc/greg_slot/src/modules/observerList.js","statementMap":{"0":{"start":{"line":3,"column":4},"end":{"line":3,"column":24}},"1":{"start":{"line":7,"column":18},"end":{"line":7,"column":22}},"2":{"start":{"line":9,"column":4},"end":{"line":15,"column":5}},"3":{"start":{"line":10,"column":6},"end":{"line":12,"column":18}},"4":{"start":{"line":11,"column":8},"end":{"line":11,"column":33}},"5":{"start":{"line":14,"column":6},"end":{"line":14,"column":18}},"6":{"start":{"line":17,"column":4},"end":{"line":17,"column":34}},"7":{"start":{"line":18,"column":4},"end":{"line":18,"column":16}},"8":{"start":{"line":22,"column":4},"end":{"line":24,"column":7}},"9":{"start":{"line":23,"column":8},"end":{"line":23,"column":36}}},"fnMap":{"0":{"name":"(anonymous_0)","decl":{"start":{"line":2,"column":2},"end":{"line":2,"column":3}},"loc":{"start":{"line":2,"column":16},"end":{"line":4,"column":3}},"line":2},"1":{"name":"(anonymous_1)","decl":{"start":{"line":6,"column":2},"end":{"line":6,"column":3}},"loc":{"start":{"line":6,"column":22},"end":{"line":19,"column":3}},"line":6},"2":{"name":"(anonymous_2)","decl":{"start":{"line":10,"column":23},"end":{"line":10,"column":24}},"loc":{"start":{"line":10,"column":37},"end":{"line":12,"column":7}},"line":10},"3":{"name":"(anonymous_3)","decl":{"start":{"line":21,"column":2},"end":{"line":21,"column":3}},"loc":{"start":{"line":21,"column":16},"end":{"line":25,"column":3}},"line":21},"4":{"name":"(anonymous_4)","decl":{"start":{"line":22,"column":27},"end":{"line":22,"column":28}},"loc":{"start":{"line":22,"column":41},"end":{"line":24,"column":5}},"line":22}},"branchMap":{"0":{"loc":{"start":{"line":9,"column":4},"end":{"line":15,"column":5}},"type":"if","locations":[{"start":{"line":9,"column":4},"end":{"line":15,"column":5}},{"start":{"line":9,"column":4},"end":{"line":15,"column":5}}],"line":9}},"s":{"0":10,"1":10,"2":10,"3":10,"4":60,"5":10,"6":0,"7":0,"8":14,"9":84},"f":{"0":10,"1":10,"2":60,"3":14,"4":84},"b":{"0":[10,0]},"_coverageSchema":"332fd63041d2c1bcb487cc26dd0d5f7d97098a6c","hash":"e6c57c4ab00c115251c35946fb75d0a356e687d5"}
,"/home/nuno/gamesinc/greg_slot/src/modules/rgn.js": {"path":"/home/nuno/gamesinc/greg_slot/src/modules/rgn.js","statementMap":{"0":{"start":{"line":3,"column":4},"end":{"line":3,"column":31}},"1":{"start":{"line":4,"column":4},"end":{"line":4,"column":32}},"2":{"start":{"line":6,"column":4},"end":{"line":6,"column":51}},"3":{"start":{"line":10,"column":17},"end":{"line":10,"column":19}},"4":{"start":{"line":11,"column":16},"end":{"line":11,"column":17}},"5":{"start":{"line":13,"column":4},"end":{"line":17,"column":5}},"6":{"start":{"line":14,"column":6},"end":{"line":15,"column":64}},"7":{"start":{"line":16,"column":6},"end":{"line":16,"column":14}},"8":{"start":{"line":19,"column":4},"end":{"line":19,"column":18}},"9":{"start":{"line":23,"column":17},"end":{"line":23,"column":29}},"10":{"start":{"line":26,"column":4},"end":{"line":32,"column":5}},"11":{"start":{"line":27,"column":6},"end":{"line":27,"column":52}},"12":{"start":{"line":29,"column":6},"end":{"line":29,"column":27}},"13":{"start":{"line":30,"column":6},"end":{"line":30,"column":36}},"14":{"start":{"line":31,"column":6},"end":{"line":31,"column":27}},"15":{"start":{"line":34,"column":4},"end":{"line":34,"column":17}}},"fnMap":{"0":{"name":"(anonymous_0)","decl":{"start":{"line":2,"column":2},"end":{"line":2,"column":3}},"loc":{"start":{"line":2,"column":22},"end":{"line":7,"column":3}},"line":2},"1":{"name":"(anonymous_1)","decl":{"start":{"line":9,"column":2},"end":{"line":9,"column":3}},"loc":{"start":{"line":9,"column":19},"end":{"line":20,"column":3}},"line":9},"2":{"name":"(anonymous_2)","decl":{"start":{"line":22,"column":2},"end":{"line":22,"column":3}},"loc":{"start":{"line":22,"column":17},"end":{"line":35,"column":3}},"line":22}},"branchMap":{"0":{"loc":{"start":{"line":3,"column":15},"end":{"line":3,"column":30}},"type":"binary-expr","locations":[{"start":{"line":3,"column":15},"end":{"line":3,"column":25}},{"start":{"line":3,"column":29},"end":{"line":3,"column":30}}],"line":3},"1":{"loc":{"start":{"line":4,"column":15},"end":{"line":4,"column":31}},"type":"binary-expr","locations":[{"start":{"line":4,"column":15},"end":{"line":4,"column":25}},{"start":{"line":4,"column":29},"end":{"line":4,"column":31}}],"line":4}},"s":{"0":14,"1":14,"2":14,"3":35,"4":35,"5":35,"6":175,"7":175,"8":35,"9":7,"10":7,"11":35,"12":35,"13":35,"14":35,"15":7},"f":{"0":14,"1":35,"2":7},"b":{"0":[14,0],"1":[14,0]},"_coverageSchema":"332fd63041d2c1bcb487cc26dd0d5f7d97098a6c","hash":"a1e6524344ace7b9b95fb48f576f5446e2e7d9dc"}
,"/home/nuno/gamesinc/greg_slot/src/modules/slotMAnager.js": {"path":"/home/nuno/gamesinc/greg_slot/src/modules/slotMAnager.js","statementMap":{"0":{"start":{"line":6,"column":4},"end":{"line":6,"column":32}},"1":{"start":{"line":8,"column":4},"end":{"line":8,"column":39}},"2":{"start":{"line":9,"column":4},"end":{"line":9,"column":49}},"3":{"start":{"line":13,"column":4},"end":{"line":13,"column":41}},"4":{"start":{"line":17,"column":4},"end":{"line":17,"column":52}},"5":{"start":{"line":21,"column":13},"end":{"line":21,"column":22}},"6":{"start":{"line":22,"column":23},"end":{"line":22,"column":28}},"7":{"start":{"line":23,"column":13},"end":{"line":27,"column":5}},"8":{"start":{"line":29,"column":18},"end":{"line":31,"column":30}},"9":{"start":{"line":33,"column":4},"end":{"line":36,"column":6}},"10":{"start":{"line":40,"column":18},"end":{"line":40,"column":22}},"11":{"start":{"line":41,"column":4},"end":{"line":48,"column":20}},"12":{"start":{"line":42,"column":20},"end":{"line":42,"column":49}},"13":{"start":{"line":44,"column":6},"end":{"line":46,"column":7}},"14":{"start":{"line":45,"column":8},"end":{"line":45,"column":21}},"15":{"start":{"line":47,"column":6},"end":{"line":47,"column":21}},"16":{"start":{"line":52,"column":4},"end":{"line":57,"column":6}},"17":{"start":{"line":61,"column":19},"end":{"line":63,"column":9}},"18":{"start":{"line":62,"column":6},"end":{"line":62,"column":33}},"19":{"start":{"line":65,"column":21},"end":{"line":67,"column":12}},"20":{"start":{"line":66,"column":6},"end":{"line":66,"column":42}},"21":{"start":{"line":69,"column":17},"end":{"line":69,"column":48}},"22":{"start":{"line":70,"column":4},"end":{"line":77,"column":6}},"23":{"start":{"line":71,"column":6},"end":{"line":76,"column":8}},"24":{"start":{"line":81,"column":4},"end":{"line":83,"column":35}}},"fnMap":{"0":{"name":"(anonymous_0)","decl":{"start":{"line":5,"column":2},"end":{"line":5,"column":3}},"loc":{"start":{"line":5,"column":16},"end":{"line":10,"column":3}},"line":5},"1":{"name":"(anonymous_1)","decl":{"start":{"line":12,"column":2},"end":{"line":12,"column":3}},"loc":{"start":{"line":12,"column":23},"end":{"line":14,"column":3}},"line":12},"2":{"name":"(anonymous_2)","decl":{"start":{"line":16,"column":2},"end":{"line":16,"column":3}},"loc":{"start":{"line":16,"column":12},"end":{"line":18,"column":3}},"line":16},"3":{"name":"(anonymous_3)","decl":{"start":{"line":20,"column":2},"end":{"line":20,"column":3}},"loc":{"start":{"line":20,"column":27},"end":{"line":37,"column":3}},"line":20},"4":{"name":"(anonymous_4)","decl":{"start":{"line":39,"column":2},"end":{"line":39,"column":3}},"loc":{"start":{"line":39,"column":18},"end":{"line":49,"column":3}},"line":39},"5":{"name":"(anonymous_5)","decl":{"start":{"line":41,"column":11},"end":{"line":41,"column":12}},"loc":{"start":{"line":41,"column":27},"end":{"line":48,"column":5}},"line":41},"6":{"name":"(anonymous_6)","decl":{"start":{"line":51,"column":2},"end":{"line":51,"column":3}},"loc":{"start":{"line":51,"column":26},"end":{"line":58,"column":3}},"line":51},"7":{"name":"(anonymous_7)","decl":{"start":{"line":60,"column":2},"end":{"line":60,"column":3}},"loc":{"start":{"line":60,"column":23},"end":{"line":78,"column":3}},"line":60},"8":{"name":"(anonymous_8)","decl":{"start":{"line":61,"column":33},"end":{"line":61,"column":34}},"loc":{"start":{"line":61,"column":48},"end":{"line":63,"column":5}},"line":61},"9":{"name":"(anonymous_9)","decl":{"start":{"line":65,"column":39},"end":{"line":65,"column":40}},"loc":{"start":{"line":65,"column":53},"end":{"line":67,"column":5}},"line":65},"10":{"name":"(anonymous_10)","decl":{"start":{"line":70,"column":11},"end":{"line":70,"column":12}},"loc":{"start":{"line":70,"column":31},"end":{"line":77,"column":5}},"line":70},"11":{"name":"(anonymous_11)","decl":{"start":{"line":80,"column":2},"end":{"line":80,"column":3}},"loc":{"start":{"line":80,"column":23},"end":{"line":84,"column":3}},"line":80}},"branchMap":{"0":{"loc":{"start":{"line":13,"column":27},"end":{"line":13,"column":38}},"type":"binary-expr","locations":[{"start":{"line":13,"column":27},"end":{"line":13,"column":33}},{"start":{"line":13,"column":37},"end":{"line":13,"column":38}}],"line":13},"1":{"loc":{"start":{"line":29,"column":18},"end":{"line":31,"column":30}},"type":"binary-expr","locations":[{"start":{"line":29,"column":18},"end":{"line":29,"column":40}},{"start":{"line":30,"column":8},"end":{"line":30,"column":30}},{"start":{"line":31,"column":8},"end":{"line":31,"column":30}}],"line":29},"2":{"loc":{"start":{"line":35,"column":14},"end":{"line":35,"column":39}},"type":"cond-expr","locations":[{"start":{"line":35,"column":24},"end":{"line":35,"column":32}},{"start":{"line":35,"column":35},"end":{"line":35,"column":39}}],"line":35},"3":{"loc":{"start":{"line":44,"column":6},"end":{"line":46,"column":7}},"type":"if","locations":[{"start":{"line":44,"column":6},"end":{"line":46,"column":7}},{"start":{"line":44,"column":6},"end":{"line":46,"column":7}}],"line":44}},"s":{"0":11,"1":11,"2":11,"3":3,"4":2,"5":14,"6":14,"7":14,"8":14,"9":14,"10":3,"11":3,"12":13,"13":13,"14":12,"15":1,"16":1,"17":1,"18":0,"19":1,"20":3,"21":1,"22":1,"23":0,"24":11},"f":{"0":11,"1":3,"2":2,"3":14,"4":3,"5":13,"6":1,"7":1,"8":0,"9":3,"10":0,"11":11},"b":{"0":[3,2],"1":[14,4,2],"2":[2,12],"3":[12,1]},"_coverageSchema":"332fd63041d2c1bcb487cc26dd0d5f7d97098a6c","hash":"7a07d199cb33159f55bc968b3754b585ebaea25a"}
,"/home/nuno/gamesinc/greg_slot/src/modules/view.js": {"path":"/home/nuno/gamesinc/greg_slot/src/modules/view.js","statementMap":{"0":{"start":{"line":4,"column":17},"end":{"line":11,"column":3}},"1":{"start":{"line":15,"column":6},"end":{"line":15,"column":33}},"2":{"start":{"line":16,"column":6},"end":{"line":16,"column":57}},"3":{"start":{"line":20,"column":6},"end":{"line":20,"column":47}},"4":{"start":{"line":24,"column":6},"end":{"line":24,"column":29}},"5":{"start":{"line":28,"column":2},"end":{"line":28,"column":35}},"6":{"start":{"line":31,"column":29},"end":{"line":33,"column":1}}},"fnMap":{"0":{"name":"View","decl":{"start":{"line":3,"column":9},"end":{"line":3,"column":13}},"loc":{"start":{"line":3,"column":21},"end":{"line":29,"column":1}},"line":3},"1":{"name":"(anonymous_1)","decl":{"start":{"line":14,"column":4},"end":{"line":14,"column":5}},"loc":{"start":{"line":14,"column":23},"end":{"line":17,"column":5}},"line":14},"2":{"name":"(anonymous_2)","decl":{"start":{"line":19,"column":4},"end":{"line":19,"column":5}},"loc":{"start":{"line":19,"column":18},"end":{"line":21,"column":5}},"line":19},"3":{"name":"(anonymous_3)","decl":{"start":{"line":23,"column":4},"end":{"line":23,"column":5}},"loc":{"start":{"line":23,"column":19},"end":{"line":25,"column":5}},"line":23}},"branchMap":{"0":{"loc":{"start":{"line":16,"column":22},"end":{"line":16,"column":56}},"type":"binary-expr","locations":[{"start":{"line":16,"column":22},"end":{"line":16,"column":37}},{"start":{"line":16,"column":41},"end":{"line":16,"column":56}}],"line":16}},"s":{"0":60,"1":60,"2":60,"3":84,"4":0,"5":60,"6":2},"f":{"0":60,"1":60,"2":84,"3":0},"b":{"0":[60,0]},"_coverageSchema":"332fd63041d2c1bcb487cc26dd0d5f7d97098a6c","hash":"4b00d875f51c629ed0fdfd859abf1e8da3b6b87b"}
}
