TN:
SF:C:\Users\Greg Jarves\Desktop\slot\__test__\database.js
FN:1,makeGlobalDatabase
FN:3,(anonymous_1)
FN:8,(anonymous_2)
FN:13,(anonymous_3)
FN:17,(anonymous_4)
FNF:5
FNH:5
FNDA:4,makeGlobalDatabase
FNDA:4,(anonymous_1)
FNDA:11,(anonymous_2)
FNDA:12,(anonymous_3)
FNDA:12,(anonymous_4)
DA:4,4
DA:5,4
DA:9,11
DA:10,11
DA:14,12
DA:18,12
DA:19,12
DA:23,4
LF:8
LH:8
BRF:0
BRH:0
end_of_record
TN:
SF:C:\Users\Greg Jarves\Desktop\slot\src\modules\assets.js
FNF:0
FNH:0
DA:1,3
LF:1
LH:1
BRF:0
BRH:0
end_of_record
TN:
SF:C:\Users\Greg Jarves\Desktop\slot\src\modules\cg.js
FN:1,(anonymous_0)
FN:12,reels
FN:24,winMessage
FN:28,spinReelMessage
FN:32,accumulatedWin
FN:36,stake
FN:40,cash
FNF:7
FNH:7
FNDA:2,(anonymous_0)
FNDA:2,reels
FNDA:2,winMessage
FNDA:2,spinReelMessage
FNDA:2,accumulatedWin
FNDA:2,stake
FNDA:2,cash
DA:2,2
DA:10,2
DA:13,2
DA:14,2
DA:16,2
DA:17,18
DA:18,18
DA:19,18
DA:21,2
DA:25,2
DA:29,2
DA:33,2
DA:37,2
DA:41,2
DA:45,2
LF:15
LH:15
BRDA:19,0,0,6
BRDA:19,0,1,12
BRF:2
BRH:2
end_of_record
TN:
SF:C:\Users\Greg Jarves\Desktop\slot\src\modules\game.js
FN:6,(anonymous_0)
FN:24,(anonymous_1)
FN:28,(anonymous_2)
FN:34,(anonymous_3)
FN:49,(anonymous_4)
FN:59,(anonymous_5)
FN:63,(anonymous_6)
FN:67,(anonymous_7)
FNF:8
FNH:5
FNDA:8,(anonymous_0)
FNDA:1,(anonymous_1)
FNDA:2,(anonymous_2)
FNDA:0,(anonymous_3)
FNDA:1,(anonymous_4)
FNDA:2,(anonymous_5)
FNDA:0,(anonymous_6)
FNDA:0,(anonymous_7)
DA:7,8
DA:8,8
DA:9,8
DA:17,8
DA:18,8
DA:19,8
DA:21,8
DA:25,1
DA:29,2
DA:35,0
DA:36,0
DA:40,0
DA:41,0
DA:42,0
DA:43,0
DA:44,0
DA:46,0
DA:50,1
DA:52,1
DA:53,6
DA:54,6
DA:60,2
DA:64,0
DA:68,0
DA:69,0
LF:25
LH:14
BRDA:29,0,0,1
BRDA:29,0,1,1
BRDA:42,1,0,0
BRDA:42,1,1,0
BRDA:53,2,0,6
BRDA:53,2,1,0
BRF:6
BRH:3
end_of_record
TN:
SF:C:\Users\Greg Jarves\Desktop\slot\src\modules\observerList.js
FN:2,(anonymous_0)
FN:6,(anonymous_1)
FN:10,(anonymous_2)
FN:21,(anonymous_3)
FN:22,(anonymous_4)
FNF:5
FNH:5
FNDA:8,(anonymous_0)
FNDA:8,(anonymous_1)
FNDA:48,(anonymous_2)
FNDA:2,(anonymous_3)
FNDA:12,(anonymous_4)
DA:3,8
DA:7,8
DA:9,8
DA:10,8
DA:11,48
DA:14,8
DA:17,0
DA:18,0
DA:22,2
DA:23,12
LF:10
LH:8
BRDA:9,0,0,8
BRDA:9,0,1,0
BRF:2
BRH:1
end_of_record
TN:
SF:C:\Users\Greg Jarves\Desktop\slot\src\modules\rgn.js
FN:2,(anonymous_0)
FN:9,(anonymous_1)
FN:22,(anonymous_2)
FNF:3
FNH:3
FNDA:12,(anonymous_0)
FNDA:29,(anonymous_1)
FNDA:1,(anonymous_2)
DA:3,12
DA:4,12
DA:6,12
DA:10,29
DA:11,29
DA:13,29
DA:14,145
DA:16,145
DA:19,29
DA:23,1
DA:26,1
DA:27,5
DA:29,5
DA:30,5
DA:31,5
DA:34,1
LF:16
LH:16
BRDA:3,0,0,12
BRDA:3,0,1,0
BRDA:4,1,0,12
BRDA:4,1,1,0
BRF:4
BRH:2
end_of_record
TN:
SF:C:\Users\Greg Jarves\Desktop\slot\src\modules\slotMAnager.js
FN:5,(anonymous_0)
FN:12,(anonymous_1)
FN:16,(anonymous_2)
FN:20,(anonymous_3)
FN:39,(anonymous_4)
FN:41,(anonymous_5)
FN:51,(anonymous_6)
FN:60,(anonymous_7)
FN:61,(anonymous_8)
FN:65,(anonymous_9)
FN:70,(anonymous_10)
FN:80,(anonymous_11)
FNF:12
FNH:8
FNDA:9,(anonymous_0)
FNDA:1,(anonymous_1)
FNDA:0,(anonymous_2)
FNDA:2,(anonymous_3)
FNDA:1,(anonymous_4)
FNDA:1,(anonymous_5)
FNDA:0,(anonymous_6)
FNDA:1,(anonymous_7)
FNDA:0,(anonymous_8)
FNDA:3,(anonymous_9)
FNDA:0,(anonymous_10)
FNDA:9,(anonymous_11)
DA:6,9
DA:8,9
DA:9,9
DA:13,1
DA:17,0
DA:21,2
DA:22,2
DA:23,2
DA:29,2
DA:33,2
DA:40,1
DA:41,1
DA:42,1
DA:44,1
DA:45,0
DA:47,1
DA:52,0
DA:61,1
DA:62,0
DA:65,1
DA:66,3
DA:69,1
DA:70,1
DA:71,0
DA:81,9
LF:25
LH:20
BRDA:13,0,0,1
BRDA:13,0,1,0
BRDA:29,1,0,2
BRDA:29,1,1,2
BRDA:29,1,2,2
BRDA:35,2,0,2
BRDA:35,2,1,0
BRDA:44,3,0,0
BRDA:44,3,1,1
BRF:9
BRH:6
end_of_record
TN:
SF:C:\Users\Greg Jarves\Desktop\slot\src\modules\view.js
FN:3,View
FN:14,(anonymous_1)
FN:19,(anonymous_2)
FN:23,(anonymous_3)
FNF:4
FNH:3
FNDA:48,View
FNDA:48,(anonymous_1)
FNDA:12,(anonymous_2)
FNDA:0,(anonymous_3)
DA:4,48
DA:15,48
DA:16,48
DA:20,12
DA:24,0
DA:28,48
DA:31,2
LF:7
LH:6
BRDA:16,0,0,48
BRDA:16,0,1,0
BRF:2
BRH:1
end_of_record
