TN:
SF:C:\Users\Greg Jarves\Desktop\slot\__test__\database.js
FN:1,makeGlobalDatabase
FN:3,(anonymous_1)
FN:8,(anonymous_2)
FN:13,(anonymous_3)
FN:17,(anonymous_4)
FNF:5
FNH:5
FNDA:6,makeGlobalDatabase
FNDA:6,(anonymous_1)
FNDA:21,(anonymous_2)
FNDA:14,(anonymous_3)
FNDA:14,(anonymous_4)
DA:4,6
DA:5,6
DA:9,21
DA:10,21
DA:14,14
DA:18,14
DA:19,14
DA:23,6
LF:8
LH:8
BRF:0
BRH:0
end_of_record
TN:
SF:C:\Users\Greg Jarves\Desktop\slot\src\modules\slot\currency.js
FN:1,(anonymous_0)
FN:4,toFixed
FN:8,computePayout
FNF:3
FNH:3
FNDA:7,(anonymous_0)
FNDA:4,toFixed
FNDA:3,computePayout
DA:1,3
DA:2,7
DA:5,4
DA:9,3
DA:12,7
LF:5
LH:5
BRDA:4,0,0,4
BRF:1
BRH:1
end_of_record
TN:
SF:C:\Users\Greg Jarves\Desktop\slot\src\modules\slot\rng.js
FN:1,(anonymous_0)
FN:5,generateRandomArray
FN:14,randomBetween
FNF:3
FNH:3
FNDA:6,(anonymous_0)
FNDA:11,generateRandomArray
FNDA:55,randomBetween
DA:1,2
DA:2,6
DA:3,6
DA:6,11
DA:7,11
DA:8,55
DA:11,11
DA:15,55
DA:20,6
LF:9
LH:9
BRF:0
BRH:0
end_of_record
TN:
SF:C:\Users\Greg Jarves\Desktop\slot\src\modules\slot\slot.js
FN:5,(anonymous_0)
FN:24,(anonymous_1)
FN:37,(anonymous_2)
FN:42,(anonymous_3)
FN:48,(anonymous_4)
FNF:5
FNH:5
FNDA:5,(anonymous_0)
FNDA:1,(anonymous_1)
FNDA:3,(anonymous_2)
FNDA:3,(anonymous_3)
FNDA:1,(anonymous_4)
DA:6,5
DA:7,5
DA:8,5
DA:9,5
DA:10,5
DA:11,5
DA:12,5
DA:13,5
DA:15,5
DA:16,5
DA:21,5
DA:25,1
DA:26,1
DA:29,1
DA:34,1
DA:38,3
DA:39,3
DA:43,3
DA:49,1
LF:19
LH:19
BRDA:43,0,0,1
BRDA:43,0,1,2
BRF:2
BRH:2
end_of_record
TN:
SF:C:\Users\Greg Jarves\Desktop\slot\src\modules\slot\winManager.js
FN:4,(anonymous_0)
FN:11,assertWin
FN:12,(anonymous_2)
FN:23,deepCompare
FN:41,noMatchFound
FN:42,(anonymous_5)
FN:53,matchFound
FN:55,(anonymous_7)
FN:59,(anonymous_8)
FN:65,(anonymous_9)
FNF:10
FNH:9
FNDA:6,(anonymous_0)
FNDA:4,assertWin
FNDA:24,(anonymous_2)
FNDA:24,deepCompare
FNDA:4,noMatchFound
FNDA:1,(anonymous_5)
FNDA:3,matchFound
FNDA:0,(anonymous_7)
FNDA:7,(anonymous_8)
FNDA:1,(anonymous_9)
DA:4,2
DA:6,6
DA:7,6
DA:8,6
DA:9,6
DA:12,4
DA:13,24
DA:15,24
DA:16,3
DA:17,3
DA:19,21
DA:24,24
DA:25,24
DA:31,24
DA:35,24
DA:42,4
DA:43,1
DA:55,3
DA:56,0
DA:59,3
DA:60,7
DA:63,3
DA:65,3
DA:66,1
DA:76,6
LF:25
LH:24
BRDA:15,0,0,3
BRDA:15,0,1,21
BRDA:31,1,0,24
BRDA:31,1,1,9
BRDA:31,1,2,3
BRDA:37,2,0,3
BRDA:37,2,1,21
BRF:7
BRH:7
end_of_record
TN:
SF:C:\Users\Greg Jarves\Desktop\slot\src\modules\states\config.js
FNF:0
FNH:0
DA:1,3
LF:1
LH:1
BRF:0
BRH:0
end_of_record
